WARNING: The uchime_denovo command does not support multithreading.
Only 1 thread used.
vsearch v2.13.3_linux_x86_64, 503.4GB RAM, 128 cores
https://github.com/torognes/vsearch

Reading file mothur.output/mothur.input.trim.contigs.good.unique.good.filter.unique.precluster.temp 100%
191575 nt in 757 seqs, min 252, max 258, avg 253
Masking 100%
Sorting by abundance 100%
Counting k-mers 100%
Detecting chimeras 100%
Found 8 (1.1%) chimeras, 749 (98.9%) non-chimeras,
and 0 (0.0%) borderline sequences in 757 unique sequences.
Taking abundance information into account, this corresponds to
10 (0.8%) chimeras, 1198 (99.2%) non-chimeras,
and 0 (0.0%) borderline sequences in 1208 total sequences.
WARNING: The uchime_denovo command does not support multithreading.
Only 1 thread used.
vsearch v2.13.3_linux_x86_64, 503.4GB RAM, 128 cores
https://github.com/torognes/vsearch

Reading file mothur.output/mothur.input.trim.contigs.good.unique.good.filter.unique.precluster.temp 100%
143229 nt in 566 seqs, min 247, max 258, avg 253
Masking 100%
Sorting by abundance 100%
Counting k-mers 100%
Detecting chimeras 100%
Found 2 (0.4%) chimeras, 564 (99.6%) non-chimeras,
and 0 (0.0%) borderline sequences in 566 unique sequences.
Taking abundance information into account, this corresponds to
2 (0.2%) chimeras, 814 (99.8%) non-chimeras,
and 0 (0.0%) borderline sequences in 816 total sequences.
WARNING: The uchime_denovo command does not support multithreading.
Only 1 thread used.
vsearch v2.13.3_linux_x86_64, 503.4GB RAM, 128 cores
https://github.com/torognes/vsearch

Reading file mothur.output/mothur.input.trim.contigs.good.unique.good.filter.unique.precluster.temp 100%
294099 nt in 1162 seqs, min 223, max 257, avg 253
Masking 100%
Sorting by abundance 100%
Counting k-mers 100%
Detecting chimeras 100%
Found 12 (1.0%) chimeras, 1150 (99.0%) non-chimeras,
and 0 (0.0%) borderline sequences in 1162 unique sequences.
Taking abundance information into account, this corresponds to
17 (0.8%) chimeras, 2154 (99.2%) non-chimeras,
and 0 (0.0%) borderline sequences in 2171 total sequences.
WARNING: The uchime_denovo command does not support multithreading.
Only 1 thread used.
vsearch v2.13.3_linux_x86_64, 503.4GB RAM, 128 cores
https://github.com/torognes/vsearch

Reading file mothur.output/mothur.input.trim.contigs.good.unique.good.filter.unique.precluster.temp 100%
8609 nt in 34 seqs, min 253, max 254, avg 253
Masking 100%
Sorting by abundance 100%
Counting k-mers 100%
Detecting chimeras 100%
Found 0 (0.0%) chimeras, 34 (100.0%) non-chimeras,
and 0 (0.0%) borderline sequences in 34 unique sequences.
Taking abundance information into account, this corresponds to
0 (0.0%) chimeras, 35 (100.0%) non-chimeras,
and 0 (0.0%) borderline sequences in 35 total sequences.
WARNING: The uchime_denovo command does not support multithreading.
Only 1 thread used.
vsearch v2.13.3_linux_x86_64, 503.4GB RAM, 128 cores
https://github.com/torognes/vsearch

Reading file mothur.output/mothur.input.trim.contigs.good.unique.good.filter.unique.precluster.temp 100%
895417 nt in 3538 seqs, min 222, max 260, avg 253
Masking 100%
Sorting by abundance 100%
Counting k-mers 100%
Detecting chimeras 100%
Found 43 (1.2%) chimeras, 3491 (98.7%) non-chimeras,
and 4 (0.1%) borderline sequences in 3538 unique sequences.
Taking abundance information into account, this corresponds to
70 (0.4%) chimeras, 18162 (99.6%) non-chimeras,
and 4 (0.0%) borderline sequences in 18236 total sequences.
WARNING: The uchime_denovo command does not support multithreading.
Only 1 thread used.
vsearch v2.13.3_linux_x86_64, 503.4GB RAM, 128 cores
https://github.com/torognes/vsearch

Reading file mothur.output/mothur.input.trim.contigs.good.unique.good.filter.unique.precluster.temp 100%
923145 nt in 3648 seqs, min 220, max 273, avg 253
Masking 100%
Sorting by abundance 100%
Counting k-mers 100%
Detecting chimeras 100%
Found 32 (0.9%) chimeras, 3610 (99.0%) non-chimeras,
and 6 (0.2%) borderline sequences in 3648 unique sequences.
Taking abundance information into account, this corresponds to
113 (0.5%) chimeras, 21283 (99.4%) non-chimeras,
and 7 (0.0%) borderline sequences in 21403 total sequences.
WARNING: The uchime_denovo command does not support multithreading.
Only 1 thread used.
vsearch v2.13.3_linux_x86_64, 503.4GB RAM, 128 cores
https://github.com/torognes/vsearch

Reading file mothur.output/mothur.input.trim.contigs.good.unique.good.filter.unique.precluster.temp 100%
497131 nt in 1964 seqs, min 231, max 262, avg 253
Masking 100%
Sorting by abundance 100%
Counting k-mers 100%
Detecting chimeras 100%
Found 29 (1.5%) chimeras, 1931 (98.3%) non-chimeras,
and 4 (0.2%) borderline sequences in 1964 unique sequences.
Taking abundance information into account, this corresponds to
38 (1.0%) chimeras, 3934 (98.9%) non-chimeras,
and 4 (0.1%) borderline sequences in 3976 total sequences.
WARNING: The uchime_denovo command does not support multithreading.
Only 1 thread used.
vsearch v2.13.3_linux_x86_64, 503.4GB RAM, 128 cores
https://github.com/torognes/vsearch

Reading file mothur.output/mothur.input.trim.contigs.good.unique.good.filter.unique.precluster.temp 100%
748439 nt in 2957 seqs, min 221, max 267, avg 253
Masking 100%
Sorting by abundance 100%
Counting k-mers 100%
Detecting chimeras 100%
Found 101 (3.4%) chimeras, 2854 (96.5%) non-chimeras,
and 2 (0.1%) borderline sequences in 2957 unique sequences.
Taking abundance information into account, this corresponds to
106 (1.7%) chimeras, 6296 (98.3%) non-chimeras,
and 2 (0.0%) borderline sequences in 6404 total sequences.
WARNING: The uchime_denovo command does not support multithreading.
Only 1 thread used.
vsearch v2.13.3_linux_x86_64, 503.4GB RAM, 128 cores
https://github.com/torognes/vsearch

Reading file mothur.output/mothur.input.trim.contigs.good.unique.good.filter.unique.precluster.temp 100%
217878 nt in 861 seqs, min 223, max 258, avg 253
Masking 100%
Sorting by abundance 100%
Counting k-mers 100%
Detecting chimeras 100%
Found 4 (0.5%) chimeras, 857 (99.5%) non-chimeras,
and 0 (0.0%) borderline sequences in 861 unique sequences.
Taking abundance information into account, this corresponds to
4 (0.2%) chimeras, 1615 (99.8%) non-chimeras,
and 0 (0.0%) borderline sequences in 1619 total sequences.
WARNING: The uchime_denovo command does not support multithreading.
Only 1 thread used.
vsearch v2.13.3_linux_x86_64, 503.4GB RAM, 128 cores
https://github.com/torognes/vsearch

Reading file mothur.output/mothur.input.trim.contigs.good.unique.good.filter.unique.precluster.temp 100%
92624 nt in 366 seqs, min 252, max 256, avg 253
Masking 100%
Sorting by abundance 100%
Counting k-mers 100%
Detecting chimeras 100%
Found 0 (0.0%) chimeras, 366 (100.0%) non-chimeras,
and 0 (0.0%) borderline sequences in 366 unique sequences.
Taking abundance information into account, this corresponds to
0 (0.0%) chimeras, 502 (100.0%) non-chimeras,
and 0 (0.0%) borderline sequences in 502 total sequences.
WARNING: The uchime_denovo command does not support multithreading.
Only 1 thread used.
vsearch v2.13.3_linux_x86_64, 503.4GB RAM, 128 cores
https://github.com/torognes/vsearch

Reading file mothur.output/mothur.input.trim.contigs.good.unique.good.filter.unique.precluster.temp 100%
795941 nt in 3145 seqs, min 222, max 259, avg 253
Masking 100%
Sorting by abundance 100%
Counting k-mers 100%
Detecting chimeras 100%
Found 53 (1.7%) chimeras, 3090 (98.3%) non-chimeras,
and 2 (0.1%) borderline sequences in 3145 unique sequences.
Taking abundance information into account, this corresponds to
74 (1.0%) chimeras, 7395 (99.0%) non-chimeras,
and 2 (0.0%) borderline sequences in 7471 total sequences.
WARNING: The uchime_denovo command does not support multithreading.
Only 1 thread used.
vsearch v2.13.3_linux_x86_64, 503.4GB RAM, 128 cores
https://github.com/torognes/vsearch

Reading file mothur.output/mothur.input.trim.contigs.good.unique.good.filter.unique.precluster.temp 100%
449031 nt in 1774 seqs, min 234, max 258, avg 253
Masking 100%
Sorting by abundance 100%
Counting k-mers 100%
Detecting chimeras 100%
Found 31 (1.7%) chimeras, 1741 (98.1%) non-chimeras,
and 2 (0.1%) borderline sequences in 1774 unique sequences.
Taking abundance information into account, this corresponds to
31 (0.9%) chimeras, 3484 (99.1%) non-chimeras,
and 2 (0.1%) borderline sequences in 3517 total sequences.
WARNING: The uchime_denovo command does not support multithreading.
Only 1 thread used.
vsearch v2.13.3_linux_x86_64, 503.4GB RAM, 128 cores
https://github.com/torognes/vsearch

Reading file mothur.output/mothur.input.trim.contigs.good.unique.good.filter.unique.precluster.temp 100%
17184 nt in 68 seqs, min 227, max 255, avg 253
Masking 100%
Sorting by abundance 100%
Counting k-mers 100%
Detecting chimeras 100%
Found 0 (0.0%) chimeras, 68 (100.0%) non-chimeras,
and 0 (0.0%) borderline sequences in 68 unique sequences.
Taking abundance information into account, this corresponds to
0 (0.0%) chimeras, 74 (100.0%) non-chimeras,
and 0 (0.0%) borderline sequences in 74 total sequences.
WARNING: The uchime_denovo command does not support multithreading.
Only 1 thread used.
vsearch v2.13.3_linux_x86_64, 503.4GB RAM, 128 cores
https://github.com/torognes/vsearch

Reading file mothur.output/mothur.input.trim.contigs.good.unique.good.filter.unique.precluster.temp 100%
361941 nt in 1430 seqs, min 223, max 258, avg 253
Masking 100%
Sorting by abundance 100%
Counting k-mers 100%
Detecting chimeras 100%
Found 6 (0.4%) chimeras, 1424 (99.6%) non-chimeras,
and 0 (0.0%) borderline sequences in 1430 unique sequences.
Taking abundance information into account, this corresponds to
10 (0.4%) chimeras, 2559 (99.6%) non-chimeras,
and 0 (0.0%) borderline sequences in 2569 total sequences.
WARNING: The uchime_denovo command does not support multithreading.
Only 1 thread used.
vsearch v2.13.3_linux_x86_64, 503.4GB RAM, 128 cores
https://github.com/torognes/vsearch

Reading file mothur.output/mothur.input.trim.contigs.good.unique.good.filter.unique.precluster.temp 100%
245279 nt in 969 seqs, min 251, max 258, avg 253
Masking 100%
Sorting by abundance 100%
Counting k-mers 100%
Detecting chimeras 100%
Found 2 (0.2%) chimeras, 967 (99.8%) non-chimeras,
and 0 (0.0%) borderline sequences in 969 unique sequences.
Taking abundance information into account, this corresponds to
2 (0.1%) chimeras, 1562 (99.9%) non-chimeras,
and 0 (0.0%) borderline sequences in 1564 total sequences.
WARNING: The uchime_denovo command does not support multithreading.
Only 1 thread used.
vsearch v2.13.3_linux_x86_64, 503.4GB RAM, 128 cores
https://github.com/torognes/vsearch

Reading file mothur.output/mothur.input.trim.contigs.good.unique.good.filter.unique.precluster.temp 100%
656882 nt in 2595 seqs, min 231, max 273, avg 253
Masking 100%
Sorting by abundance 100%
Counting k-mers 100%
Detecting chimeras 100%
Found 41 (1.6%) chimeras, 2550 (98.3%) non-chimeras,
and 4 (0.2%) borderline sequences in 2595 unique sequences.
Taking abundance information into account, this corresponds to
50 (0.9%) chimeras, 5679 (99.1%) non-chimeras,
and 4 (0.1%) borderline sequences in 5733 total sequences.
WARNING: The uchime_denovo command does not support multithreading.
Only 1 thread used.
vsearch v2.13.3_linux_x86_64, 503.4GB RAM, 128 cores
https://github.com/torognes/vsearch

Reading file mothur.output/mothur.input.trim.contigs.good.unique.good.filter.unique.precluster.temp 100%
34159 nt in 135 seqs, min 252, max 254, avg 253
Masking 100%
Sorting by abundance 100%
Counting k-mers 100%
Detecting chimeras 100%
Found 1 (0.7%) chimeras, 134 (99.3%) non-chimeras,
and 0 (0.0%) borderline sequences in 135 unique sequences.
Taking abundance information into account, this corresponds to
1 (0.7%) chimeras, 149 (99.3%) non-chimeras,
and 0 (0.0%) borderline sequences in 150 total sequences.
WARNING: The uchime_denovo command does not support multithreading.
Only 1 thread used.
vsearch v2.13.3_linux_x86_64, 503.4GB RAM, 128 cores
https://github.com/torognes/vsearch

Reading file mothur.output/mothur.input.trim.contigs.good.unique.good.filter.unique.precluster.temp 100%
119179 nt in 471 seqs, min 243, max 254, avg 253
Masking 100%
Sorting by abundance 100%
Counting k-mers 100%
Detecting chimeras 100%
Found 0 (0.0%) chimeras, 471 (100.0%) non-chimeras,
and 0 (0.0%) borderline sequences in 471 unique sequences.
Taking abundance information into account, this corresponds to
0 (0.0%) chimeras, 696 (100.0%) non-chimeras,
and 0 (0.0%) borderline sequences in 696 total sequences.
WARNING: The uchime_denovo command does not support multithreading.
Only 1 thread used.
vsearch v2.13.3_linux_x86_64, 503.4GB RAM, 128 cores
https://github.com/torognes/vsearch

Reading file mothur.output/mothur.input.trim.contigs.good.unique.good.filter.unique.precluster.temp 100%
134639 nt in 532 seqs, min 223, max 256, avg 253
Masking 100%
Sorting by abundance 100%
Counting k-mers 100%
Detecting chimeras 100%
Found 7 (1.3%) chimeras, 525 (98.7%) non-chimeras,
and 0 (0.0%) borderline sequences in 532 unique sequences.
Taking abundance information into account, this corresponds to
7 (0.9%) chimeras, 772 (99.1%) non-chimeras,
and 0 (0.0%) borderline sequences in 779 total sequences.
WARNING: The uchime_denovo command does not support multithreading.
Only 1 thread used.
vsearch v2.13.3_linux_x86_64, 503.4GB RAM, 128 cores
https://github.com/torognes/vsearch

Reading file mothur.output/mothur.input.trim.contigs.good.unique.good.filter.unique.precluster.temp 100%
87031 nt in 344 seqs, min 223, max 256, avg 253
Masking 100%
Sorting by abundance 100%
Counting k-mers 100%
Detecting chimeras 100%
Found 3 (0.9%) chimeras, 341 (99.1%) non-chimeras,
and 0 (0.0%) borderline sequences in 344 unique sequences.
Taking abundance information into account, this corresponds to
3 (0.7%) chimeras, 442 (99.3%) non-chimeras,
and 0 (0.0%) borderline sequences in 445 total sequences.
WARNING: The uchime_denovo command does not support multithreading.
Only 1 thread used.
vsearch v2.13.3_linux_x86_64, 503.4GB RAM, 128 cores
https://github.com/torognes/vsearch

Reading file mothur.output/mothur.input.trim.contigs.good.unique.good.filter.unique.precluster.temp 100%
397391 nt in 1570 seqs, min 246, max 258, avg 253
Masking 100%
Sorting by abundance 100%
Counting k-mers 100%
Detecting chimeras 100%
Found 11 (0.7%) chimeras, 1559 (99.3%) non-chimeras,
and 0 (0.0%) borderline sequences in 1570 unique sequences.
Taking abundance information into account, this corresponds to
17 (0.4%) chimeras, 3868 (99.6%) non-chimeras,
and 0 (0.0%) borderline sequences in 3885 total sequences.
WARNING: The uchime_denovo command does not support multithreading.
Only 1 thread used.
vsearch v2.13.3_linux_x86_64, 503.4GB RAM, 128 cores
https://github.com/torognes/vsearch

Reading file mothur.output/mothur.input.trim.contigs.good.unique.good.filter.unique.precluster.temp 100%
604789 nt in 2390 seqs, min 223, max 257, avg 253
Masking 100%
Sorting by abundance 100%
Counting k-mers 100%
Detecting chimeras 100%
Found 21 (0.9%) chimeras, 2369 (99.1%) non-chimeras,
and 0 (0.0%) borderline sequences in 2390 unique sequences.
Taking abundance information into account, this corresponds to
25 (0.3%) chimeras, 7680 (99.7%) non-chimeras,
and 0 (0.0%) borderline sequences in 7705 total sequences.
WARNING: The uchime_denovo command does not support multithreading.
Only 1 thread used.
vsearch v2.13.3_linux_x86_64, 503.4GB RAM, 128 cores
https://github.com/torognes/vsearch

Reading file mothur.output/mothur.input.trim.contigs.good.unique.good.filter.unique.precluster.temp 100%
338164 nt in 1336 seqs, min 250, max 269, avg 253
Masking 100%
Sorting by abundance 100%
Counting k-mers 100%
Detecting chimeras 100%
Found 10 (0.7%) chimeras, 1326 (99.3%) non-chimeras,
and 0 (0.0%) borderline sequences in 1336 unique sequences.
Taking abundance information into account, this corresponds to
18 (0.8%) chimeras, 2165 (99.2%) non-chimeras,
and 0 (0.0%) borderline sequences in 2183 total sequences.
WARNING: The uchime_denovo command does not support multithreading.
Only 1 thread used.
vsearch v2.13.3_linux_x86_64, 503.4GB RAM, 128 cores
https://github.com/torognes/vsearch

Reading file mothur.output/mothur.input.trim.contigs.good.unique.good.filter.unique.precluster.temp 100%
147063 nt in 581 seqs, min 250, max 256, avg 253
Masking 100%
Sorting by abundance 100%
Counting k-mers 100%
Detecting chimeras 100%
Found 0 (0.0%) chimeras, 581 (100.0%) non-chimeras,
and 0 (0.0%) borderline sequences in 581 unique sequences.
Taking abundance information into account, this corresponds to
0 (0.0%) chimeras, 760 (100.0%) non-chimeras,
and 0 (0.0%) borderline sequences in 760 total sequences.
WARNING: The uchime_denovo command does not support multithreading.
Only 1 thread used.
vsearch v2.13.3_linux_x86_64, 503.4GB RAM, 128 cores
https://github.com/torognes/vsearch

Reading file mothur.output/mothur.input.trim.contigs.good.unique.good.filter.unique.precluster.temp 100%
166263 nt in 657 seqs, min 252, max 256, avg 253
Masking 100%
Sorting by abundance 100%
Counting k-mers 100%
Detecting chimeras 100%
Found 8 (1.2%) chimeras, 649 (98.8%) non-chimeras,
and 0 (0.0%) borderline sequences in 657 unique sequences.
Taking abundance information into account, this corresponds to
8 (0.8%) chimeras, 1003 (99.2%) non-chimeras,
and 0 (0.0%) borderline sequences in 1011 total sequences.
WARNING: The uchime_denovo command does not support multithreading.
Only 1 thread used.
vsearch v2.13.3_linux_x86_64, 503.4GB RAM, 128 cores
https://github.com/torognes/vsearch

Reading file mothur.output/mothur.input.trim.contigs.good.unique.good.filter.unique.precluster.temp 100%
168725 nt in 667 seqs, min 220, max 254, avg 253
Masking 100%
Sorting by abundance 100%
Counting k-mers 100%
Detecting chimeras 100%
Found 2 (0.3%) chimeras, 665 (99.7%) non-chimeras,
and 0 (0.0%) borderline sequences in 667 unique sequences.
Taking abundance information into account, this corresponds to
2 (0.2%) chimeras, 981 (99.8%) non-chimeras,
and 0 (0.0%) borderline sequences in 983 total sequences.
WARNING: The uchime_denovo command does not support multithreading.
Only 1 thread used.
vsearch v2.13.3_linux_x86_64, 503.4GB RAM, 128 cores
https://github.com/torognes/vsearch

Reading file mothur.output/mothur.input.trim.contigs.good.unique.good.filter.unique.precluster.temp 100%
656285 nt in 2593 seqs, min 222, max 272, avg 253
Masking 100%
Sorting by abundance 100%
Counting k-mers 100%
Detecting chimeras 100%
Found 68 (2.6%) chimeras, 2516 (97.0%) non-chimeras,
and 9 (0.3%) borderline sequences in 2593 unique sequences.
Taking abundance information into account, this corresponds to
89 (1.7%) chimeras, 5147 (98.1%) non-chimeras,
and 9 (0.2%) borderline sequences in 5245 total sequences.
WARNING: The uchime_denovo command does not support multithreading.
Only 1 thread used.
vsearch v2.13.3_linux_x86_64, 503.4GB RAM, 128 cores
https://github.com/torognes/vsearch

Reading file mothur.output/mothur.input.trim.contigs.good.unique.good.filter.unique.precluster.temp 100%
582411 nt in 2301 seqs, min 252, max 258, avg 253
Masking 100%
Sorting by abundance 100%
Counting k-mers 100%
Detecting chimeras 100%
Found 31 (1.3%) chimeras, 2270 (98.7%) non-chimeras,
and 0 (0.0%) borderline sequences in 2301 unique sequences.
Taking abundance information into account, this corresponds to
37 (0.8%) chimeras, 4686 (99.2%) non-chimeras,
and 0 (0.0%) borderline sequences in 4723 total sequences.
WARNING: The uchime_denovo command does not support multithreading.
Only 1 thread used.
vsearch v2.13.3_linux_x86_64, 503.4GB RAM, 128 cores
https://github.com/torognes/vsearch

Reading file mothur.output/mothur.input.trim.contigs.good.unique.good.filter.unique.precluster.temp 100%
546404 nt in 2159 seqs, min 227, max 257, avg 253
Masking 100%
Sorting by abundance 100%
Counting k-mers 100%
Detecting chimeras 100%
Found 25 (1.2%) chimeras, 2132 (98.7%) non-chimeras,
and 2 (0.1%) borderline sequences in 2159 unique sequences.
Taking abundance information into account, this corresponds to
37 (0.5%) chimeras, 7289 (99.4%) non-chimeras,
and 5 (0.1%) borderline sequences in 7331 total sequences.
WARNING: The uchime_denovo command does not support multithreading.
Only 1 thread used.
vsearch v2.13.3_linux_x86_64, 503.4GB RAM, 128 cores
https://github.com/torognes/vsearch

Reading file mothur.output/mothur.input.trim.contigs.good.unique.good.filter.unique.precluster.temp 100%
321665 nt in 1271 seqs, min 251, max 259, avg 253
Masking 100%
Sorting by abundance 100%
Counting k-mers 100%
Detecting chimeras 100%
Found 15 (1.2%) chimeras, 1253 (98.6%) non-chimeras,
and 3 (0.2%) borderline sequences in 1271 unique sequences.
Taking abundance information into account, this corresponds to
18 (0.6%) chimeras, 2860 (99.1%) non-chimeras,
and 7 (0.2%) borderline sequences in 2885 total sequences.
WARNING: The uchime_denovo command does not support multithreading.
Only 1 thread used.
vsearch v2.13.3_linux_x86_64, 503.4GB RAM, 128 cores
https://github.com/torognes/vsearch

Reading file mothur.output/mothur.input.trim.contigs.good.unique.good.filter.unique.precluster.temp 100%
642413 nt in 2538 seqs, min 221, max 273, avg 253
Masking 100%
Sorting by abundance 100%
Counting k-mers 100%
Detecting chimeras 100%
Found 49 (1.9%) chimeras, 2484 (97.9%) non-chimeras,
and 5 (0.2%) borderline sequences in 2538 unique sequences.
Taking abundance information into account, this corresponds to
67 (1.3%) chimeras, 5031 (98.6%) non-chimeras,
and 6 (0.1%) borderline sequences in 5104 total sequences.
WARNING: The uchime_denovo command does not support multithreading.
Only 1 thread used.
vsearch v2.13.3_linux_x86_64, 503.4GB RAM, 128 cores
https://github.com/torognes/vsearch

Reading file mothur.output/mothur.input.trim.contigs.good.unique.good.filter.unique.precluster.temp 100%
901351 nt in 3561 seqs, min 249, max 257, avg 253
Masking 100%
Sorting by abundance 100%
Counting k-mers 100%
Detecting chimeras 100%
Found 94 (2.6%) chimeras, 3465 (97.3%) non-chimeras,
and 2 (0.1%) borderline sequences in 3561 unique sequences.
Taking abundance information into account, this corresponds to
130 (1.7%) chimeras, 7462 (98.3%) non-chimeras,
and 2 (0.0%) borderline sequences in 7594 total sequences.
WARNING: The uchime_denovo command does not support multithreading.
Only 1 thread used.
vsearch v2.13.3_linux_x86_64, 503.4GB RAM, 128 cores
https://github.com/torognes/vsearch

Reading file mothur.output/mothur.input.trim.contigs.good.unique.good.filter.unique.precluster.temp 100%
2297278 nt in 9079 seqs, min 220, max 259, avg 253
Masking 100%
Sorting by abundance 100%
Counting k-mers 100%
Detecting chimeras 100%
Found 2451 (27.0%) chimeras, 6556 (72.2%) non-chimeras,
and 72 (0.8%) borderline sequences in 9079 unique sequences.
Taking abundance information into account, this corresponds to
2543 (14.7%) chimeras, 14678 (84.8%) non-chimeras,
and 89 (0.5%) borderline sequences in 17310 total sequences.
WARNING: The uchime_denovo command does not support multithreading.
Only 1 thread used.
vsearch v2.13.3_linux_x86_64, 503.4GB RAM, 128 cores
https://github.com/torognes/vsearch

Reading file mothur.output/mothur.input.trim.contigs.good.unique.good.filter.unique.precluster.temp 100%
3527727 nt in 13942 seqs, min 220, max 273, avg 253
Masking 100%
Sorting by abundance 100%
Counting k-mers 100%
Detecting chimeras 100%
Found 3809 (27.3%) chimeras, 10034 (72.0%) non-chimeras,
and 99 (0.7%) borderline sequences in 13942 unique sequences.
Taking abundance information into account, this corresponds to
3980 (13.1%) chimeras, 26266 (86.5%) non-chimeras,
and 106 (0.3%) borderline sequences in 30352 total sequences.
WARNING: The uchime_denovo command does not support multithreading.
Only 1 thread used.
vsearch v2.13.3_linux_x86_64, 503.4GB RAM, 128 cores
https://github.com/torognes/vsearch

Reading file mothur.output/mothur.input.trim.contigs.good.unique.good.filter.unique.precluster.temp 100%
2575576 nt in 10179 seqs, min 220, max 271, avg 253
Masking 100%
Sorting by abundance 100%
Counting k-mers 100%
Detecting chimeras 100%
Found 2023 (19.9%) chimeras, 8088 (79.5%) non-chimeras,
and 68 (0.7%) borderline sequences in 10179 unique sequences.
Taking abundance information into account, this corresponds to
2089 (8.9%) chimeras, 21349 (90.8%) non-chimeras,
and 78 (0.3%) borderline sequences in 23516 total sequences.
WARNING: The uchime_denovo command does not support multithreading.
Only 1 thread used.
vsearch v2.13.3_linux_x86_64, 503.4GB RAM, 128 cores
https://github.com/torognes/vsearch

Reading file mothur.output/mothur.input.trim.contigs.good.unique.good.filter.unique.precluster.temp 100%
2712069 nt in 10719 seqs, min 220, max 259, avg 253
Masking 100%
Sorting by abundance 100%
Counting k-mers 100%
Detecting chimeras 100%
Found 2801 (26.1%) chimeras, 7845 (73.2%) non-chimeras,
and 73 (0.7%) borderline sequences in 10719 unique sequences.
Taking abundance information into account, this corresponds to
2880 (14.1%) chimeras, 17473 (85.5%) non-chimeras,
and 80 (0.4%) borderline sequences in 20433 total sequences.
WARNING: The uchime_denovo command does not support multithreading.
Only 1 thread used.
vsearch v2.13.3_linux_x86_64, 503.4GB RAM, 128 cores
https://github.com/torognes/vsearch

Reading file mothur.output/mothur.input.trim.contigs.good.unique.good.filter.unique.precluster.temp 100%
17522092 nt in 69244 seqs, min 220, max 273, avg 253
Masking 100%
Sorting by abundance 100%
Counting k-mers 100%
Detecting chimeras 100%
Found 29102 (42.0%) chimeras, 39407 (56.9%) non-chimeras,
and 735 (1.1%) borderline sequences in 69244 unique sequences.
Taking abundance information into account, this corresponds to
33349 (13.6%) chimeras, 211799 (86.1%) non-chimeras,
and 932 (0.4%) borderline sequences in 246080 total sequences.
WARNING: The uchime_denovo command does not support multithreading.
Only 1 thread used.
vsearch v2.13.3_linux_x86_64, 503.4GB RAM, 128 cores
https://github.com/torognes/vsearch

Reading file mothur.output/mothur.input.trim.contigs.good.unique.good.filter.unique.precluster.temp 100%
15643710 nt in 61822 seqs, min 220, max 273, avg 253
Masking 100%
Sorting by abundance 100%
Counting k-mers 100%
Detecting chimeras 100%
Found 23184 (37.5%) chimeras, 38022 (61.5%) non-chimeras,
and 616 (1.0%) borderline sequences in 61822 unique sequences.
Taking abundance information into account, this corresponds to
26149 (11.3%) chimeras, 205062 (88.4%) non-chimeras,
and 761 (0.3%) borderline sequences in 231972 total sequences.
WARNING: The uchime_denovo command does not support multithreading.
Only 1 thread used.
vsearch v2.13.3_linux_x86_64, 503.4GB RAM, 128 cores
https://github.com/torognes/vsearch

Reading file mothur.output/mothur.input.trim.contigs.good.unique.good.filter.unique.precluster.temp 100%
4031851 nt in 15934 seqs, min 220, max 273, avg 253
Masking 100%
Sorting by abundance 100%
Counting k-mers 100%
Detecting chimeras 100%
Found 4739 (29.7%) chimeras, 11058 (69.4%) non-chimeras,
and 137 (0.9%) borderline sequences in 15934 unique sequences.
Taking abundance information into account, this corresponds to
5133 (13.9%) chimeras, 31744 (85.7%) non-chimeras,
and 149 (0.4%) borderline sequences in 37026 total sequences.
WARNING: The uchime_denovo command does not support multithreading.
Only 1 thread used.
vsearch v2.13.3_linux_x86_64, 503.4GB RAM, 128 cores
https://github.com/torognes/vsearch

Reading file mothur.output/mothur.input.trim.contigs.good.unique.good.filter.unique.precluster.temp 100%
5817032 nt in 22991 seqs, min 220, max 273, avg 253
Masking 100%
Sorting by abundance 100%
Counting k-mers 100%
Detecting chimeras 100%
Found 8418 (36.6%) chimeras, 14390 (62.6%) non-chimeras,
and 183 (0.8%) borderline sequences in 22991 unique sequences.
Taking abundance information into account, this corresponds to
9231 (17.9%) chimeras, 42061 (81.7%) non-chimeras,
and 208 (0.4%) borderline sequences in 51500 total sequences.
WARNING: The uchime_denovo command does not support multithreading.
Only 1 thread used.
vsearch v2.13.3_linux_x86_64, 503.4GB RAM, 128 cores
https://github.com/torognes/vsearch

Reading file mothur.output/mothur.input.trim.contigs.good.unique.good.filter.unique.precluster.temp 100%
2791000 nt in 11030 seqs, min 220, max 273, avg 253
Masking 100%
Sorting by abundance 100%
Counting k-mers 100%
Detecting chimeras 100%
Found 1603 (14.5%) chimeras, 9366 (84.9%) non-chimeras,
and 61 (0.6%) borderline sequences in 11030 unique sequences.
Taking abundance information into account, this corresponds to
1755 (5.5%) chimeras, 30322 (94.3%) non-chimeras,
and 62 (0.2%) borderline sequences in 32139 total sequences.
WARNING: The uchime_denovo command does not support multithreading.
Only 1 thread used.
vsearch v2.13.3_linux_x86_64, 503.4GB RAM, 128 cores
https://github.com/torognes/vsearch

Reading file mothur.output/mothur.input.trim.contigs.good.unique.good.filter.unique.precluster.temp 100%
1917527 nt in 7579 seqs, min 220, max 273, avg 253
Masking 100%
Sorting by abundance 100%
Counting k-mers 100%
Detecting chimeras 100%
Found 610 (8.0%) chimeras, 6936 (91.5%) non-chimeras,
and 33 (0.4%) borderline sequences in 7579 unique sequences.
Taking abundance information into account, this corresponds to
683 (3.5%) chimeras, 18795 (96.3%) non-chimeras,
and 35 (0.2%) borderline sequences in 19513 total sequences.
WARNING: The uchime_denovo command does not support multithreading.
Only 1 thread used.
vsearch v2.13.3_linux_x86_64, 503.4GB RAM, 128 cores
https://github.com/torognes/vsearch

Reading file mothur.output/mothur.input.trim.contigs.good.unique.good.filter.unique.precluster.temp 100%
1481195 nt in 5854 seqs, min 220, max 273, avg 253
Masking 100%
Sorting by abundance 100%
Counting k-mers 100%
Detecting chimeras 100%
Found 267 (4.6%) chimeras, 5571 (95.2%) non-chimeras,
and 16 (0.3%) borderline sequences in 5854 unique sequences.
Taking abundance information into account, this corresponds to
299 (2.2%) chimeras, 13468 (97.7%) non-chimeras,
and 16 (0.1%) borderline sequences in 13783 total sequences.
WARNING: The uchime_denovo command does not support multithreading.
Only 1 thread used.
vsearch v2.13.3_linux_x86_64, 503.4GB RAM, 128 cores
https://github.com/torognes/vsearch

Reading file mothur.output/mothur.input.trim.contigs.good.unique.good.filter.unique.precluster.temp 100%
6210797 nt in 24544 seqs, min 220, max 273, avg 253
Masking 100%
Sorting by abundance 100%
Counting k-mers 100%
Detecting chimeras 100%
Found 9366 (38.2%) chimeras, 14981 (61.0%) non-chimeras,
and 197 (0.8%) borderline sequences in 24544 unique sequences.
Taking abundance information into account, this corresponds to
10247 (17.6%) chimeras, 47730 (82.0%) non-chimeras,
and 210 (0.4%) borderline sequences in 58187 total sequences.
WARNING: The uchime_denovo command does not support multithreading.
Only 1 thread used.
vsearch v2.13.3_linux_x86_64, 503.4GB RAM, 128 cores
https://github.com/torognes/vsearch

Reading file mothur.output/mothur.input.trim.contigs.good.unique.good.filter.unique.precluster.temp 100%
6367622 nt in 25167 seqs, min 220, max 271, avg 253
Masking 100%
Sorting by abundance 100%
Counting k-mers 100%
Detecting chimeras 100%
Found 9806 (39.0%) chimeras, 15170 (60.3%) non-chimeras,
and 191 (0.8%) borderline sequences in 25167 unique sequences.
Taking abundance information into account, this corresponds to
10646 (18.7%) chimeras, 46117 (80.9%) non-chimeras,
and 208 (0.4%) borderline sequences in 56971 total sequences.
WARNING: The uchime_denovo command does not support multithreading.
Only 1 thread used.
vsearch v2.13.3_linux_x86_64, 503.4GB RAM, 128 cores
https://github.com/torognes/vsearch

Reading file mothur.output/mothur.input.trim.contigs.good.unique.good.filter.unique.precluster.temp 100%
6339502 nt in 25055 seqs, min 220, max 273, avg 253
Masking 100%
Sorting by abundance 100%
Counting k-mers 100%
Detecting chimeras 100%
Found 9553 (38.1%) chimeras, 15322 (61.2%) non-chimeras,
and 180 (0.7%) borderline sequences in 25055 unique sequences.
Taking abundance information into account, this corresponds to
10258 (17.8%) chimeras, 47146 (81.9%) non-chimeras,
and 195 (0.3%) borderline sequences in 57599 total sequences.
WARNING: The uchime_denovo command does not support multithreading.
Only 1 thread used.
vsearch v2.13.3_linux_x86_64, 503.4GB RAM, 128 cores
https://github.com/torognes/vsearch

Reading file mothur.output/mothur.input.trim.contigs.good.unique.good.filter.unique.precluster.temp 100%
3798271 nt in 15010 seqs, min 220, max 272, avg 253
Masking 100%
Sorting by abundance 100%
Counting k-mers 100%
Detecting chimeras 100%
Found 5000 (33.3%) chimeras, 9909 (66.0%) non-chimeras,
and 101 (0.7%) borderline sequences in 15010 unique sequences.
Taking abundance information into account, this corresponds to
5341 (17.6%) chimeras, 24968 (82.1%) non-chimeras,
and 106 (0.3%) borderline sequences in 30415 total sequences.
WARNING: The uchime_denovo command does not support multithreading.
Only 1 thread used.
vsearch v2.13.3_linux_x86_64, 503.4GB RAM, 128 cores
https://github.com/torognes/vsearch

Reading file mothur.output/mothur.input.trim.contigs.good.unique.good.filter.unique.precluster.temp 100%
19979351 nt in 78961 seqs, min 220, max 272, avg 253
Masking 100%
Sorting by abundance 100%
Counting k-mers 100%
Detecting chimeras 100%
Found 39484 (50.0%) chimeras, 38823 (49.2%) non-chimeras,
and 654 (0.8%) borderline sequences in 78961 unique sequences.
Taking abundance information into account, this corresponds to
43742 (23.1%) chimeras, 144565 (76.5%) non-chimeras,
and 733 (0.4%) borderline sequences in 189040 total sequences.
